<?xml version="1.0" encoding="UTF-8"?>
<!-- Generated by org.testng.reporters.JUnitReportReporter -->
<testsuite hostname="HP" name="tests.Test_1" tests="1" failures="0" timestamp="15 Dec 2019 14:57:50 GMT" time="1.868" errors="0">
  <testcase name="testScenario1" time="1.868" classname="tests.Test_1"/>
</testsuite> <!-- tests.Test_1 -->
