<?xml version="1.0" encoding="UTF-8"?>
<!-- Generated by org.testng.reporters.JUnitReportReporter -->
<testsuite hostname="HP" name="SinnerSchrader.SinnerSchrader.AppTest" tests="1" failures="0" timestamp="15 Dec 2019 14:57:50 GMT" time="0.000" errors="0">
  <testcase name="testApp" time="0.000" classname="SinnerSchrader.SinnerSchrader.AppTest"/>
</testsuite> <!-- SinnerSchrader.SinnerSchrader.AppTest -->
