<?xml version="1.0" encoding="UTF-8"?>
<!-- Generated by org.testng.reporters.JUnitReportReporter -->
<testsuite hostname="HP" name="sinnerSchrader.AppTest" tests="4" failures="0" timestamp="19 Dec 2019 22:57:28 GMT" time="22.196" errors="0">
  <testcase name="testScenario4" time="0.686" classname="sinnerSchrader.AppTest"/>
  <testcase name="testScenario2" time="1.821" classname="sinnerSchrader.AppTest"/>
  <testcase name="testScenario3" time="2.936" classname="sinnerSchrader.AppTest"/>
  <testcase name="testScenario1" time="16.753" classname="sinnerSchrader.AppTest"/>
</testsuite> <!-- sinnerSchrader.AppTest -->
