<?xml version="1.0" encoding="UTF-8"?>
<!-- Generated by org.testng.reporters.JUnitReportReporter -->
<testsuite hostname="HP" name="tests.Test_1" tests="4" failures="0" timestamp="19 Dec 2019 22:52:12 GMT" time="16.178" errors="0">
  <testcase name="testScenario3" time="3.593" classname="tests.Test_1"/>
  <testcase name="testScenario4" time="0.944" classname="tests.Test_1"/>
  <testcase name="testScenario1" time="9.837" classname="tests.Test_1"/>
  <testcase name="testScenario2" time="1.804" classname="tests.Test_1"/>
</testsuite> <!-- tests.Test_1 -->
